#! /usr/bin/vvp
:ivl_version "11.0 (stable)";
:ivl_delay_selection "TYPICAL";
:vpi_time_precision + 0;
:vpi_module "/usr/lib/x86_64-linux-gnu/ivl/system.vpi";
:vpi_module "/usr/lib/x86_64-linux-gnu/ivl/vhdl_sys.vpi";
:vpi_module "/usr/lib/x86_64-linux-gnu/ivl/vhdl_textio.vpi";
:vpi_module "/usr/lib/x86_64-linux-gnu/ivl/v2005_math.vpi";
:vpi_module "/usr/lib/x86_64-linux-gnu/ivl/va_math.vpi";
S_0x5588be494df0 .scope module, "LIFO_Buffer" "LIFO_Buffer" 2 1;
 .timescale 0 0;
    .port_info 0 /INPUT 1 "clk";
    .port_info 1 /INPUT 1 "reset";
    .port_info 2 /INPUT 1 "write";
    .port_info 3 /INPUT 1 "read";
    .port_info 4 /INPUT 8 "data_in";
    .port_info 5 /OUTPUT 8 "data_out";
    .port_info 6 /OUTPUT 1 "val";
    .port_info 7 /OUTPUT 1 "full";
P_0x5588be4b92a0 .param/l "DATA_W" 0 2 3, +C4<00000000000000000000000000001000>;
P_0x5588be4b92e0 .param/l "LIFO_SIZE" 0 2 2, +C4<00000000000000000000000000001000>;
v0x5588be4be770 .array "buffer", 0 7, 7 0;
v0x5588be4be830_0 .var "buffer_level", 3 0;
o0x70d88d24b048 .functor BUFZ 1, C4<z>; HiZ drive
v0x5588be4e7980_0 .net "clk", 0 0, o0x70d88d24b048;  0 drivers
o0x70d88d24b078 .functor BUFZ 8, C4<zzzzzzzz>; HiZ drive
v0x5588be4e7a50_0 .net "data_in", 7 0, o0x70d88d24b078;  0 drivers
v0x5588be4e7b30_0 .var "data_out", 7 0;
v0x5588be4e7c10_0 .var "full", 0 0;
v0x5588be4e7cd0_0 .var/i "i", 31 0;
o0x70d88d24b138 .functor BUFZ 1, C4<z>; HiZ drive
v0x5588be4e7db0_0 .net "read", 0 0, o0x70d88d24b138;  0 drivers
o0x70d88d24b168 .functor BUFZ 1, C4<z>; HiZ drive
v0x5588be4e7e70_0 .net "reset", 0 0, o0x70d88d24b168;  0 drivers
v0x5588be4e7f30_0 .var "val", 0 0;
o0x70d88d24b1c8 .functor BUFZ 1, C4<z>; HiZ drive
v0x5588be4e7ff0_0 .net "write", 0 0, o0x70d88d24b1c8;  0 drivers
E_0x5588be4ceaa0 .event posedge, v0x5588be4e7e70_0, v0x5588be4e7980_0;
    .scope S_0x5588be494df0;
T_0 ;
    %wait E_0x5588be4ceaa0;
    %load/vec4 v0x5588be4e7e70_0;
    %flag_set/vec4 8;
    %jmp/0xz  T_0.0, 8;
    %pushi/vec4 0, 0, 32;
    %store/vec4 v0x5588be4e7cd0_0, 0, 32;
T_0.2 ;
    %load/vec4 v0x5588be4e7cd0_0;
    %cmpi/s 8, 0, 32;
    %jmp/0xz T_0.3, 5;
    %pushi/vec4 0, 0, 8;
    %ix/getv/s 3, v0x5588be4e7cd0_0;
    %ix/load 4, 0, 0; Constant delay
    %assign/vec4/a/d v0x5588be4be770, 0, 4;
    %load/vec4 v0x5588be4e7cd0_0;
    %addi 1, 0, 32;
    %store/vec4 v0x5588be4e7cd0_0, 0, 32;
    %jmp T_0.2;
T_0.3 ;
    %pushi/vec4 0, 0, 4;
    %assign/vec4 v0x5588be4be830_0, 0;
    %pushi/vec4 0, 0, 1;
    %assign/vec4 v0x5588be4e7c10_0, 0;
    %pushi/vec4 1, 0, 1;
    %assign/vec4 v0x5588be4e7f30_0, 0;
    %jmp T_0.1;
T_0.0 ;
    %load/vec4 v0x5588be4e7db0_0;
    %load/vec4 v0x5588be4e7c10_0;
    %nor/r;
    %and;
    %flag_set/vec4 8;
    %jmp/0xz  T_0.4, 8;
    %load/vec4 v0x5588be4be830_0;
    %pad/u 32;
    %cmpi/e 0, 0, 32;
    %jmp/0xz  T_0.6, 4;
    %pushi/vec4 0, 0, 1;
    %assign/vec4 v0x5588be4e7f30_0, 0;
    %jmp T_0.7;
T_0.6 ;
    %load/vec4 v0x5588be4be830_0;
    %subi 1, 0, 4;
    %assign/vec4 v0x5588be4be830_0, 0;
    %load/vec4 v0x5588be4be830_0;
    %pad/u 5;
    %ix/vec4 4;
    %load/vec4a v0x5588be4be770, 4;
    %assign/vec4 v0x5588be4e7b30_0, 0;
T_0.7 ;
    %jmp T_0.5;
T_0.4 ;
    %load/vec4 v0x5588be4e7ff0_0;
    %load/vec4 v0x5588be4e7c10_0;
    %nor/r;
    %and;
    %flag_set/vec4 8;
    %jmp/0xz  T_0.8, 8;
    %pushi/vec4 1, 0, 1;
    %assign/vec4 v0x5588be4e7f30_0, 0;
    %load/vec4 v0x5588be4e7a50_0;
    %load/vec4 v0x5588be4be830_0;
    %pad/u 5;
    %ix/vec4 3;
    %ix/load 4, 0, 0; Constant delay
    %assign/vec4/a/d v0x5588be4be770, 0, 4;
    %load/vec4 v0x5588be4be830_0;
    %addi 1, 0, 4;
    %assign/vec4 v0x5588be4be830_0, 0;
    %load/vec4 v0x5588be4be830_0;
    %pad/u 32;
    %cmpi/e 8, 0, 32;
    %jmp/0xz  T_0.10, 4;
    %pushi/vec4 1, 0, 1;
    %assign/vec4 v0x5588be4e7c10_0, 0;
    %pushi/vec4 0, 0, 1;
    %assign/vec4 v0x5588be4e7f30_0, 0;
T_0.10 ;
    %jmp T_0.9;
T_0.8 ;
    %load/vec4 v0x5588be4e7ff0_0;
    %load/vec4 v0x5588be4e7db0_0;
    %and;
    %load/vec4 v0x5588be4e7c10_0;
    %nor/r;
    %and;
    %flag_set/vec4 8;
    %jmp/0xz  T_0.12, 8;
    %pushi/vec4 1, 0, 1;
    %assign/vec4 v0x5588be4e7f30_0, 0;
    %load/vec4 v0x5588be4e7a50_0;
    %assign/vec4 v0x5588be4e7b30_0, 0;
    %jmp T_0.13;
T_0.12 ;
    %load/vec4 v0x5588be4e7db0_0;
    %load/vec4 v0x5588be4e7c10_0;
    %and;
    %load/vec4 v0x5588be4e7ff0_0;
    %nor/r;
    %and;
    %flag_set/vec4 8;
    %jmp/0xz  T_0.14, 8;
    %load/vec4 v0x5588be4be830_0;
    %subi 1, 0, 4;
    %assign/vec4 v0x5588be4be830_0, 0;
    %load/vec4 v0x5588be4be830_0;
    %pad/u 5;
    %ix/vec4 4;
    %load/vec4a v0x5588be4be770, 4;
    %assign/vec4 v0x5588be4e7b30_0, 0;
    %pushi/vec4 0, 0, 1;
    %assign/vec4 v0x5588be4e7c10_0, 0;
    %pushi/vec4 1, 0, 1;
    %assign/vec4 v0x5588be4e7f30_0, 0;
    %jmp T_0.15;
T_0.14 ;
    %load/vec4 v0x5588be4e7ff0_0;
    %load/vec4 v0x5588be4e7c10_0;
    %and;
    %flag_set/vec4 8;
    %jmp/0xz  T_0.16, 8;
    %load/vec4 v0x5588be4e7a50_0;
    %assign/vec4 v0x5588be4e7b30_0, 0;
T_0.16 ;
T_0.15 ;
T_0.13 ;
T_0.9 ;
T_0.5 ;
T_0.1 ;
    %jmp T_0;
    .thread T_0;
# The file index is used to find the file name in the following table.
:file_names 3;
    "N/A";
    "<interactive>";
    "LIFObufer.v";
